[Thu, 04 Aug 16 22:21:22 +0000][INFO] exams@dominicaninstitute.org Logged Into Pro Application
[Thu, 04 Aug 16 22:28:10 +0000][INFO] exams@dominicaninstitute.org Logged Into Pro Application
[Thu, 11 Aug 16 09:44:32 +0000][INFO] exams@dominicaninstitute.org Logged Into Pro Application
[Mon, 05 Sep 16 11:57:23 +0000][INFO] exams@dominicaninstitute.org Logged Into Pro Application
[Thu, 15 Sep 16 04:55:43 +0000][INFO] exams@dominicaninstitute.org Logged Into Pro Application
[Fri, 16 Sep 16 15:15:51 +0000][INFO] exams@dominicaninstitute.org Logged Into Pro Application
[Fri, 16 Sep 16 16:01:38 +0000][INFO] exams@dominicaninstitute.org Logged Into Pro Application
[Sat, 17 Sep 16 02:03:04 +0000][INFO] exams@dominicaninstitute.org Logged Into Pro Application
[Sat, 17 Sep 16 02:07:14 +0000][INFO] exams@dominicaninstitute.org Logged Into Pro Application
[Sat, 17 Sep 16 03:44:35 +0000][INFO] exams@dominicaninstitute.org Logged Into Pro Application
[Tue, 27 Sep 16 08:55:49 +0000][INFO] exams@dominicaninstitute.org Logged Into Pro Application
[Wed, 28 Sep 16 14:24:25 +0000][INFO] exams@dominicaninstitute.org Logged Into Pro Application
[Tue, 04 Oct 16 11:55:34 +0000][INFO] exams@dominicaninstitute.org Logged Into Pro Application
[Tue, 18 Oct 16 10:52:49 +0000][INFO] exams@dominicaninstitute.org Logged Into Pro Application
[Thu, 20 Oct 16 08:39:05 +0000][INFO] exams@dominicaninstitute.org Logged Into Pro Application
[Wed, 02 Nov 16 16:55:11 +0000][INFO] exams@dominicaninstitute.org Logged Into Pro Application
[Wed, 08 Mar 17 11:42:46 +0000][INFO] exams@dominicaninstitute.org Logged Into Pro Application
[Fri, 10 Mar 17 07:03:15 +0000][INFO] exams@dominicaninstitute.org Logged Into Pro Application
[Tue, 14 Mar 17 07:40:35 +0000][INFO] exams@dominicaninstitute.org Logged Into Pro Application
[Tue, 14 Mar 17 13:51:39 +0000][INFO] exams@dominicaninstitute.org Logged Into Pro Application
[Wed, 15 Mar 17 07:56:08 +0000][INFO] exams@dominicaninstitute.org Logged Into Pro Application
[Fri, 17 Mar 17 12:36:08 +0000][INFO] exams@dominicaninstitute.org Logged Into Pro Application
[Mon, 20 Mar 17 08:35:50 +0000][INFO] exams@dominicaninstitute.org Logged Into Pro Application
[Tue, 21 Mar 17 08:39:10 +0000][INFO] exams@dominicaninstitute.org Logged Into Pro Application
[Wed, 22 Mar 17 07:57:13 +0000][INFO] exams@dominicaninstitute.org Logged Into Pro Application
[Fri, 24 Mar 17 09:02:44 +0000][INFO] exams@dominicaninstitute.org Logged Into Pro Application
[Sat, 25 Mar 17 07:42:58 +0000][INFO] exams@dominicaninstitute.org Logged Into Pro Application
[Mon, 03 Apr 17 07:50:36 +0000][INFO] exams@dominicaninstitute.org Logged Into Pro Application
[Tue, 04 Apr 17 07:23:31 +0000][INFO] exams@dominicaninstitute.org Logged Into Pro Application
[Wed, 19 Apr 17 12:13:58 +0000][INFO] exams@dominicaninstitute.org Logged Into Pro Application
[Fri, 15 Sep 17 15:53:55 +0000][INFO] exams@dominicaninstitute.org Logged Into Pro Application
[Fri, 15 Sep 17 18:33:38 +0000][INFO] exams@dominicaninstitute.org Logged Into Pro Application
[Wed, 18 Oct 17 08:36:29 +0000][INFO] exams@dominicaninstitute.org Logged Into Pro Application
[Wed, 06 Dec 17 08:49:53 +0000][INFO] exams@dominicaninstitute.org Logged Into Pro Application
[Fri, 08 Dec 17 14:31:17 +0000][INFO] exams@dominicaninstitute.org Logged Into Pro Application
[Mon, 05 Mar 18 15:27:38 +0000][INFO] exams@dominicaninstitute.org Logged Into Pro Application
[Wed, 14 Mar 18 09:44:01 +0000][INFO] exams@dominicaninstitute.org Logged Into Pro Application
[Thu, 15 Mar 18 10:54:50 +0000][INFO] exams@dominicaninstitute.org Logged Into Pro Application
[Sat, 17 Mar 18 06:49:01 +0000][INFO] exams@dominicaninstitute.org Logged Into Pro Application
[Fri, 27 Apr 18 12:38:21 +0000][INFO] exams@dominicaninstitute.org Logged Into Pro Application
[Fri, 27 Apr 18 12:47:15 +0000][INFO] exams@dominicaninstitute.org Logged Into Pro Application
[Fri, 27 Apr 18 22:22:22 +0000][INFO] exams@dominicaninstitute.org Logged Into Pro Application
[Tue, 09 Oct 18 10:16:05 +0000][INFO] exams@dominicaninstitute.org Logged Into Pro Application
[Thu, 11 Oct 18 07:23:12 +0000][INFO] exams@dominicaninstitute.org Logged Into Pro Application
[Tue, 16 Oct 18 08:56:46 +0000][INFO] exams@dominicaninstitute.org Logged Into Pro Application
[Mon, 29 Oct 18 08:15:18 +0000][INFO] exams@dominicaninstitute.org Logged Into Pro Application
